Compiling e:\cims\progs\lotpaymentreport.prg
#DEFILE DAYMINTUE 86400
Error in line 62: Syntax error.

Visual Class Library e:\cims\class\notify.vcx has the following errors:
    Unknown NEWDATENO - Undefined
    Unknown GETICD10TEXT - Undefined
    Unknown GETBENEFIT - Undefined
    Unknown NEWPROVID - Undefined
    Unknown GETPAMEDICAL - Undefined
    Unknown GETBENFPERIOD - Undefined
    Unknown GETMCCOVER - Undefined
    Unknown APP_FINDNOTIFYNO - Undefined
    Unknown FINDINSURED - Undefined
    Unknown REMAINFEDPAID - Undefined
    Unknown REMAINFEDUSED - Undefined
    Unknown REMAINFEDDPAID - Undefined
    Unknown AGGREGATEBAL - Undefined
    Unknown REMAINIPD - Undefined
    Unknown REMAINOPD - Undefined
    Proc./Func. SAVEPAPERIOD - Undefined
    Proc./Func. SAVEHAPERIOD - Undefined
    Unknown CLAIMCHECKLIST - Undefined
    Unknown GETBENEFITCOVER - Undefined
    Unknown GETICD9TEXT - Undefined
    Unknown GETEFFECTIVEY - Undefined
    Unknown REMAINGRACE - Undefined
    Unknown REMAINWAIT - Undefined
    Unknown REMAINEXCLUSIONWAIT - Undefined
    Unknown GETSUMLINE - Undefined
    Unknown SUMBENFGRP - Undefined
    Unknown EDITNOTATION - Undefined
    Unknown GETEFFCOVER - Undefined
    Unknown CHECKDUPCLAIM - Undefined
    Unknown GETPOLICYID - Undefined

Form e:\cims\form\provadd.scx has the following errors:
    Unknown NEWPROVID - Undefined

Form e:\cims\form\cims01_entry.scx has the following errors:
    Unknown NEWDATENO - Undefined
    Unknown REMAINOPD - Undefined
    Unknown GETPOLICYID - Undefined
    Unknown GETPLANTITLE - Undefined

Form e:\cims\form\cims02_assess_entry1.scx has the following errors:
    Unknown NEWDATENO - Undefined
    Unknown GETICD10TEXT - Undefined
    Unknown GETBENEFIT - Undefined
    Unknown GETPAMEDICAL - Undefined
    Unknown GETBENFPERIOD - Undefined
    Unknown REMAINFEDPAID - Undefined
    Unknown REMAINFEDUSED - Undefined
    Unknown REMAINFEDDPAID - Undefined
    Unknown AGGREGATEBAL - Undefined
    Unknown REMAINIPD - Undefined
    Unknown REMAINOPD - Undefined
    Proc./Func. SAVEPAPERIOD - Undefined
    Proc./Func. SAVEHAPERIOD - Undefined
    Unknown GETICD9TEXT - Undefined
    Unknown GETEFFECTIVEY - Undefined
    Unknown REMAINGRACE - Undefined
    Unknown REMAINWAIT - Undefined
    Unknown REMAINEXCLUSIONWAIT - Undefined
    Unknown GETSUMLINE - Undefined
    Unknown SUMBENFGRP - Undefined
    Unknown GETPOLICYID - Undefined
    Unknown ISASCHARGE - Undefined

Form e:\cims\form\cims02_audit_entry.scx has the following errors:
    Unknown NEWDATENO - Undefined
    Unknown GETICD10TEXT - Undefined
    Unknown GETBENEFIT - Undefined
    Unknown GETPAMEDICAL - Undefined
    Unknown GETBENFPERIOD - Undefined
    Unknown REMAINFEDPAID - Undefined
    Unknown REMAINFEDUSED - Undefined
    Unknown REMAINFEDDPAID - Undefined
    Unknown AGGREGATEBAL - Undefined
    Unknown REMAINIPD - Undefined
    Unknown REMAINOPD - Undefined
    Proc./Func. SAVEPAPERIOD - Undefined
    Proc./Func. SAVEHAPERIOD - Undefined
    Unknown GETICD9TEXT - Undefined
    Unknown GETEFFECTIVEY - Undefined
    Unknown REMAINGRACE - Undefined
    Unknown REMAINWAIT - Undefined
    Unknown REMAINEXCLUSIONWAIT - Undefined
    Unknown GETSUMLINE - Undefined
    Unknown SUMBENFGRP - Undefined
    Unknown GETPOLICYID - Undefined
    Unknown ISASCHARGE - Undefined
    Unknown GETOPD - Undefined
    Unknown GETDS - Undefined

Form e:\cims\form\dialyreport.scx has the following errors:
    Report RPTASSESS - Undefined

Form e:\cims\form\cims02_fax_entry1.scx has the following errors:
    Unknown NEWDATENO - Undefined
    Unknown GETBENEFIT - Undefined
    Unknown GETBENFPERIOD - Undefined
    Unknown REMAINFEDPAID - Undefined
    Unknown REMAINFEDUSED - Undefined
    Unknown REMAINFEDDPAID - Undefined
    Unknown AGGREGATEBAL - Undefined
    Unknown REMAINIPD - Undefined
    Unknown REMAINOPD - Undefined
    Proc./Func. SAVEPAPERIOD - Undefined
    Proc./Func. SAVEHAPERIOD - Undefined
    Unknown GETSUMLINE - Undefined
    Unknown SUMBENFGRP - Undefined
    Unknown GETEFFCOVER - Undefined
    Unknown GETPOLICYID - Undefined
    Unknown ISASCHARGE - Undefined

Form e:\cims\form\claim_fee.scx has the following errors:
    Unknown GETTYPECLAIM - Undefined
    Unknown GETCLAIMTYPE - Undefined

Form e:\cims\form\claimupload.scx has the following errors:
    Unknown NEWDATENO - Undefined

Form e:\cims\form\clientadd.scx has the following errors:
    Unknown GETPERSONNO - Undefined

Form e:\cims\form\noentry.scx has the following errors:
    Report RPTASSESS - Undefined

Program e:\cims\progs\batch2excel.prg has the following errors:
    Unknown CHECKFLD - Undefined

Program e:\cims\progs\pol2excel.prg has the following errors:
    Unknown CHECKFLD - Undefined

Program e:\cims\progs\pol2excel1.prg has the following errors:
    Unknown CHECKFLD - Undefined

Form e:\cims\form\claimtranfer.scx has the following errors:
    Unknown GETTYPECLAIM - Undefined
    Unknown GETFIELDTRANSFER - Undefined
    Unknown GETDATETIME2DATE - Undefined
    Unknown GETINDIPOLICY - Undefined
    Unknown GETCLAIMTRANSFERWHERE - Undefined

Program e:\cims\progs\pa_monthly_report.prg has the following errors:
    Unknown HOLIDAYS - Undefined

Form e:\cims\form\claimtranfer_old.scx has the following errors:
    Unknown GETTYPECLAIM - Undefined

Form e:\cims\form\appointment.scx has the following errors:
    Unknown NEWID - Undefined

Form e:\cims\form\appointment_add.scx has the following errors:
    Unknown NEWDATENO - Undefined
    Unknown NEWID - Undefined

Program e:\cims\progs\lot2excel.prg has the following errors:
    Unknown FIRSTCHR - Undefined

Form e:\cims\form\cims02_pa.scx has the following errors:
    Unknown NEWDATENO - Undefined
    Unknown GETICD10TEXT - Undefined
    Unknown GETTYPECLAIM - Undefined
    Unknown CHECKCOVER - Undefined
    Unknown REMAINPADISABILITY - Undefined
    Unknown REMAINPABENF - Undefined
    Proc./Func. UPDATEMEDICAL - Undefined

Form e:\cims\form\returnclaimbybatch.scx has the following errors:
    Unknown CLAIMCHECKLIST - Undefined
    Unknown FIRSTCHR - Undefined
    Unknown GETSMGMEMBER - Undefined
    Unknown CHECKACTIVECARD - Undefined

Menu e:\cims\menus\shcselectaddnew.mnx has the following errors:
    Proc./Func. CLIENT_INFO - Undefined
    Proc./Func. FIND_EDC - Undefined
    Proc./Func. FIND_LOG - Undefined
    Proc./Func. FIND_APPOINT - Undefined

Visual Class Library e:\cims\class\aimsmain.vcx has the following errors:
    Unknown GETUSERINFO - Undefined

Program e:\cims\progs\lotpaymentreport.prg has the following errors:
    Unknown FIRSTCHR - Undefined

Form e:\cims\form\tims_clientadd.scx has the following errors:
    Unknown GETPERSONNO - Undefined

Program e:\cims\progs\query_ace.prg has the following errors:
    Unknown HOLIDAYS - Undefined
    Unknown CHECKCAT - Undefined

Program e:\cims\progs\smg_monthly_report.prg has the following errors:
    Unknown HOLIDAYS - Undefined

Program e:\cims\progs\query_bki_egat.prg has the following errors:
    Unknown HOLIDAYS - Undefined

Program e:\cims\progs\query_nsi_hs.prg has the following errors:
    Unknown HOLIDAYS - Undefined
    Unknown MESSAGEALERT - Undefined

Program e:\cims\progs\query_dvs_ctac.prg has the following errors:
    Unknown HOLIDAYS - Undefined

Program e:\cims\progs\query_dvs_srimarem.prg has the following errors:
    Unknown HOLIDAYS - Undefined

Program e:\cims\progs\query_dvs_scg.prg has the following errors:
    Unknown HOLIDAYS - Undefined

Program e:\cims\progs\query_dvs_sosuco.prg has the following errors:
    Unknown HOLIDAYS - Undefined

Program e:\cims\progs\query_dvs_ttc.prg has the following errors:
    Unknown HOLIDAYS - Undefined

Program e:\cims\progs\query_dvs_734.prg has the following errors:
    Unknown HOLIDAYS - Undefined

Program e:\cims\progs\query_hs_tic.prg has the following errors:
    Unknown HOLIDAYS - Undefined
    Unknown CHECKCAT - Undefined

Program e:\cims\progs\lot2excel_client.prg has the following errors:
    Unknown FIRSTCHR - Undefined

Form e:\cims\form\calllog.scx has the following errors:
    Unknown NEWDATENO - Undefined

Visual Class Library e:\cims\class\_ssclasses.vcx has the following errors:
    Unknown GETDEFAULTPRINTERAPI - Undefined
    Unknown CHANGEPRINTERWINAPI - Undefined
    Unknown WAITABIT - Undefined

Visual Class Library e:\cims\class\cimsui.vcx has the following errors:
    Unknown NEWDATENO - Undefined
    Unknown FINDINSURED - Undefined
    Unknown GETBENEFITCOVER - Undefined
    Unknown GETPOLICYID - Undefined
    Unknown GETCLAIMLINEBYNOTIFYNO - Undefined

Form e:\cims\form\client_infosql.scx has the following errors:
    Unknown NEWDATENO - Undefined
    Unknown REMAINWAIT - Undefined
    Unknown REMAINEXCLUSIONWAIT - Undefined
    Unknown GETPOLICYID - Undefined
    Unknown CHECKADJCARD - Undefined
    Unknown GETPAPERIOD - Undefined
    Unknown GETEDCPREAUTHBYPOLICY - Undefined
    Unknown GETEDCPAYMENTBYPOLICY - Undefined
    Unknown GETCUSTBYPOLICYID - Undefined
    Unknown GETDUEDATE - Undefined
    Unknown GETPLANDESC - Undefined
    Unknown CHECKBLACKLIST - Undefined
    Unknown GETCUSTBYNATID - Undefined
    Unknown GETPAPERIODITEMS - Undefined
    Unknown GETPAPERIODLINES - Undefined
    Unknown GETPRODUCTCOVER - Undefined
    Unknown VOIDCLAIMPAYMENT - Undefined

Form e:\cims\form\client_info.scx has the following errors:
    Unknown NEWDATENO - Undefined
    Unknown GETMCCOVER - Undefined
    Unknown REMAINWAIT - Undefined
    Unknown REMAINEXCLUSIONWAIT - Undefined
    Unknown GETPOLICYID - Undefined
    Unknown HOLIDAYS - Undefined
    Unknown CHECKADJCARD - Undefined
    Unknown GETPAPERIOD - Undefined
    Unknown GETEDCPREAUTHBYPOLICY - Undefined
    Unknown GETEDCPAYMENTBYPOLICY - Undefined
    Unknown GETCUSTBYPOLICYID - Undefined
    Unknown GETDUEDATE - Undefined
    Unknown GETPLANDESC - Undefined
    Unknown CHECKBLACKLIST - Undefined
    Unknown GETCUSTBYNATID - Undefined
    Unknown GETPAPERIODITEMS - Undefined
    Unknown GETPAPERIODLINES - Undefined
    Unknown GETPRODUCTCOVER - Undefined
    Unknown VOIDCLAIMPAYMENT - Undefined
    Unknown GETWARNING - Undefined
    Unknown GETNOTIFYBYPOLICY - Undefined
    Unknown GETCLAIMBYPOLICY - Undefined
    Unknown GETCLAIMBYNATID - Undefined

Form e:\cims\form\tims_membersadd.scx has the following errors:
    Unknown NEWID - Undefined
    Unknown GETTPAPLANID - Undefined
    Unknown ABANK - Undefined

Form e:\cims\form\tims_memberadd.scx has the following errors:
    Unknown NEWID - Undefined
    Unknown GETTPAPLANID - Undefined
    Unknown ABANK - Undefined

